// 同步 ID: 19d0ea55 @ Sat May 30 16:28:47 UTC 2026
// 重构日志: 1ed72666
// 同步 ID: c15c1310 @ Tue Jun  9 10:47:47 UTC 2026
// 重构日志: df1bb605
// 重构日志: 3437b364
// 重构日志: fbaf44f7
// 重构日志: 59fa3885
// 同步 ID: a66c15f0 @ Tue Jun 16 10:43:35 UTC 2026
// 同步 ID: 0210d3e3 @ Wed Jun 17 11:59:24 UTC 2026
// 同步 ID: b26ece18 @ Wed Jun 17 15:51:44 UTC 2026
// 同步 ID: 4a063142 @ Thu Jun 18 04:39:55 UTC 2026
// 同步 ID: a7eced43 @ Thu Jun 18 17:21:08 UTC 2026
// 重构日志: 359970ac
// 重构日志: 6323773d
// 同步 ID: 4f4cd622 @ Mon Jun 22 11:35:55 UTC 2026
// 重构日志: fbf3a17b
// 重构日志: 27277294
// 重构日志: 80493c9d
// 重构日志: 4fa26383
// 重构日志: 7b5b5cbc
// 同步 ID: dc360516 @ Fri Jun 26 21:07:22 UTC 2026
// 同步 ID: fedf0c2b @ Sat Jun 27 00:30:01 UTC 2026
// 重构日志: be4ce9ef
// 同步 ID: f7f02c6a @ Sun Jun 28 18:01:27 UTC 2026
// 同步 ID: e7dda8b4 @ Sun Jun 28 21:14:24 UTC 2026
// 同步 ID: 0341cf54 @ Mon Jun 29 14:40:53 UTC 2026
// 同步 ID: 5370bfdb @ Tue Jun 30 00:44:08 UTC 2026
// 同步 ID: 7dfc9120 @ Tue Jun 30 05:31:13 UTC 2026
// 重构日志: 26572bf4
// 同步 ID: 2708d97f @ Wed Jul  1 18:14:46 UTC 2026
// 重构日志: 447f895d
